[2025-01-23T16:24:43.661-0500][gc,init] CardTable entry size: 512
[2025-01-23T16:24:43.661-0500][gc     ] Using G1
[2025-01-23T16:24:43.662-0500][gc,init] Version: 23.0.2+7-58 (release)
[2025-01-23T16:24:43.662-0500][gc,init] CPUs: 14 total, 14 available
[2025-01-23T16:24:43.662-0500][gc,init] Memory: 24576M
[2025-01-23T16:24:43.662-0500][gc,init] Large Page Support: Disabled
[2025-01-23T16:24:43.662-0500][gc,init] NUMA Support: Disabled
[2025-01-23T16:24:43.662-0500][gc,init] Compressed Oops: Enabled (Zero based)
[2025-01-23T16:24:43.662-0500][gc,init] Heap Region Size: 1M
[2025-01-23T16:24:43.662-0500][gc,init] Heap Min Capacity: 1G
[2025-01-23T16:24:43.662-0500][gc,init] Heap Initial Capacity: 1G
[2025-01-23T16:24:43.662-0500][gc,init] Heap Max Capacity: 1G
[2025-01-23T16:24:43.662-0500][gc,init] Pre-touch: Disabled
[2025-01-23T16:24:43.662-0500][gc,init] Parallel Workers: 11
[2025-01-23T16:24:43.662-0500][gc,init] Concurrent Workers: 3
[2025-01-23T16:24:43.662-0500][gc,init] Concurrent Refinement Workers: 11
[2025-01-23T16:24:43.662-0500][gc,init] Periodic GC: Disabled
[2025-01-23T16:24:43.664-0500][gc,metaspace] CDS archive(s) mapped at: [0x00001f0000000000-0x00001f0000d94000-0x00001f0000d94000), size 14237696, SharedBaseAddress: 0x00001f0000000000, ArchiveRelocationMode: 1.
[2025-01-23T16:24:43.664-0500][gc,metaspace] Compressed class space mapped at: 0x00001f0001000000-0x00001f0041000000, reserved size: 1073741824
[2025-01-23T16:24:43.664-0500][gc,metaspace] Narrow klass base: 0x00001f0000000000, Narrow klass shift: 0, Narrow klass range: 0x100000000
[2025-01-23T16:24:44.119-0500][gc,start    ] GC(0) Pause Young (Normal) (G1 Evacuation Pause)
[2025-01-23T16:24:44.119-0500][gc,task     ] GC(0) Using 11 workers of 11 for evacuation
[2025-01-23T16:24:44.121-0500][gc,phases   ] GC(0)   Pre Evacuate Collection Set: 0.11ms
[2025-01-23T16:24:44.121-0500][gc,phases   ] GC(0)   Merge Heap Roots: 0.17ms
[2025-01-23T16:24:44.121-0500][gc,phases   ] GC(0)   Evacuate Collection Set: 1.50ms
[2025-01-23T16:24:44.121-0500][gc,phases   ] GC(0)   Post Evacuate Collection Set: 0.24ms
[2025-01-23T16:24:44.121-0500][gc,phases   ] GC(0)   Other: 0.21ms
[2025-01-23T16:24:44.121-0500][gc,heap     ] GC(0) Eden regions: 51->0(44)
[2025-01-23T16:24:44.121-0500][gc,heap     ] GC(0) Survivor regions: 0->7(7)
[2025-01-23T16:24:44.121-0500][gc,heap     ] GC(0) Old regions: 2->4
[2025-01-23T16:24:44.121-0500][gc,heap     ] GC(0) Humongous regions: 0->0
[2025-01-23T16:24:44.121-0500][gc,metaspace] GC(0) Metaspace: 16950K(17152K)->16950K(17152K) NonClass: 14893K(14976K)->14893K(14976K) Class: 2056K(2176K)->2056K(2176K)
[2025-01-23T16:24:44.121-0500][gc          ] GC(0) Pause Young (Normal) (G1 Evacuation Pause) 52M->9M(1024M) 2.344ms
[2025-01-23T16:24:44.121-0500][gc,cpu      ] GC(0) User=0.01s Sys=0.00s Real=0.01s
[2025-01-23T16:24:44.206-0500][gc,start    ] GC(1) Pause Young (Concurrent Start) (Metadata GC Threshold)
[2025-01-23T16:24:44.206-0500][gc,task     ] GC(1) Using 11 workers of 11 for evacuation
[2025-01-23T16:24:44.208-0500][gc,phases   ] GC(1)   Pre Evacuate Collection Set: 0.30ms
[2025-01-23T16:24:44.208-0500][gc,phases   ] GC(1)   Merge Heap Roots: 0.05ms
[2025-01-23T16:24:44.208-0500][gc,phases   ] GC(1)   Evacuate Collection Set: 1.54ms
[2025-01-23T16:24:44.208-0500][gc,phases   ] GC(1)   Post Evacuate Collection Set: 0.16ms
[2025-01-23T16:24:44.208-0500][gc,phases   ] GC(1)   Other: 0.05ms
[2025-01-23T16:24:44.208-0500][gc,heap     ] GC(1) Eden regions: 18->0(49)
[2025-01-23T16:24:44.208-0500][gc,heap     ] GC(1) Survivor regions: 7->2(7)
[2025-01-23T16:24:44.208-0500][gc,heap     ] GC(1) Old regions: 4->11
[2025-01-23T16:24:44.208-0500][gc,heap     ] GC(1) Humongous regions: 0->0
[2025-01-23T16:24:44.208-0500][gc,metaspace] GC(1) Metaspace: 21319K(21504K)->21319K(21504K) NonClass: 18727K(18816K)->18727K(18816K) Class: 2592K(2688K)->2592K(2688K)
[2025-01-23T16:24:44.208-0500][gc          ] GC(1) Pause Young (Concurrent Start) (Metadata GC Threshold) 27M->10M(1024M) 2.206ms
[2025-01-23T16:24:44.208-0500][gc,cpu      ] GC(1) User=0.01s Sys=0.00s Real=0.00s
[2025-01-23T16:24:44.208-0500][gc          ] GC(2) Concurrent Mark Cycle
[2025-01-23T16:24:44.208-0500][gc,marking  ] GC(2) Concurrent Scan Root Regions
[2025-01-23T16:24:44.209-0500][gc,marking  ] GC(2) Concurrent Scan Root Regions 0.622ms
[2025-01-23T16:24:44.209-0500][gc,marking  ] GC(2) Concurrent Mark
[2025-01-23T16:24:44.209-0500][gc,marking  ] GC(2) Concurrent Mark From Roots
[2025-01-23T16:24:44.209-0500][gc,task     ] GC(2) Using 3 workers of 3 for marking
[2025-01-23T16:24:44.209-0500][gc,marking  ] GC(2) Concurrent Mark From Roots 0.631ms
[2025-01-23T16:24:44.209-0500][gc,marking  ] GC(2) Concurrent Preclean
[2025-01-23T16:24:44.209-0500][gc,marking  ] GC(2) Concurrent Preclean 0.006ms
[2025-01-23T16:24:44.225-0500][gc,start    ] GC(2) Pause Remark
[2025-01-23T16:24:44.227-0500][gc          ] GC(2) Pause Remark 140M->140M(1024M) 1.571ms
[2025-01-23T16:24:44.227-0500][gc,cpu      ] GC(2) User=0.00s Sys=0.00s Real=0.00s
[2025-01-23T16:24:44.227-0500][gc,marking  ] GC(2) Concurrent Mark 18.135ms
[2025-01-23T16:24:44.227-0500][gc,marking  ] GC(2) Concurrent Rebuild Remembered Sets and Scrub Regions
[2025-01-23T16:24:44.228-0500][gc,marking  ] GC(2) Concurrent Rebuild Remembered Sets and Scrub Regions 0.737ms
[2025-01-23T16:24:44.228-0500][gc,start    ] GC(2) Pause Cleanup
[2025-01-23T16:24:44.228-0500][gc          ] GC(2) Pause Cleanup 140M->140M(1024M) 0.017ms
[2025-01-23T16:24:44.228-0500][gc,cpu      ] GC(2) User=0.00s Sys=0.00s Real=0.00s
[2025-01-23T16:24:44.228-0500][gc,marking  ] GC(2) Concurrent Clear Claimed Marks
[2025-01-23T16:24:44.228-0500][gc,marking  ] GC(2) Concurrent Clear Claimed Marks 0.006ms
[2025-01-23T16:24:44.228-0500][gc,marking  ] GC(2) Concurrent Cleanup for Next Mark
[2025-01-23T16:24:44.229-0500][gc,marking  ] GC(2) Concurrent Cleanup for Next Mark 1.667ms
[2025-01-23T16:24:44.229-0500][gc          ] GC(2) Concurrent Mark Cycle 21.333ms
[2025-01-23T16:24:44.435-0500][gc,start    ] GC(3) Pause Young (Prepare Mixed) (G1 Evacuation Pause)
[2025-01-23T16:24:44.435-0500][gc,task     ] GC(3) Using 11 workers of 11 for evacuation
[2025-01-23T16:24:44.437-0500][gc,phases   ] GC(3)   Pre Evacuate Collection Set: 0.14ms
[2025-01-23T16:24:44.437-0500][gc,phases   ] GC(3)   Merge Heap Roots: 0.04ms
[2025-01-23T16:24:44.437-0500][gc,phases   ] GC(3)   Evacuate Collection Set: 0.96ms
[2025-01-23T16:24:44.437-0500][gc,phases   ] GC(3)   Post Evacuate Collection Set: 0.17ms
[2025-01-23T16:24:44.437-0500][gc,phases   ] GC(3)   Other: 0.04ms
[2025-01-23T16:24:44.437-0500][gc,heap     ] GC(3) Eden regions: 49->0(45)
[2025-01-23T16:24:44.437-0500][gc,heap     ] GC(3) Survivor regions: 2->6(7)
[2025-01-23T16:24:44.437-0500][gc,heap     ] GC(3) Old regions: 11->11
[2025-01-23T16:24:44.437-0500][gc,heap     ] GC(3) Humongous regions: 129->129
[2025-01-23T16:24:44.437-0500][gc,metaspace] GC(3) Metaspace: 32506K(32768K)->32506K(32768K) NonClass: 28846K(28992K)->28846K(28992K) Class: 3660K(3776K)->3660K(3776K)
[2025-01-23T16:24:44.437-0500][gc          ] GC(3) Pause Young (Prepare Mixed) (G1 Evacuation Pause) 188M->144M(1024M) 1.434ms
[2025-01-23T16:24:44.437-0500][gc,cpu      ] GC(3) User=0.02s Sys=0.00s Real=0.00s
[2025-01-23T16:24:44.569-0500][gc,start    ] GC(4) Pause Young (Mixed) (Metadata GC Threshold)
[2025-01-23T16:24:44.569-0500][gc,task     ] GC(4) Using 11 workers of 11 for evacuation
[2025-01-23T16:24:44.570-0500][gc,phases   ] GC(4)   Pre Evacuate Collection Set: 0.13ms
[2025-01-23T16:24:44.570-0500][gc,phases   ] GC(4)   Merge Heap Roots: 0.04ms
[2025-01-23T16:24:44.570-0500][gc,phases   ] GC(4)   Evacuate Collection Set: 1.42ms
[2025-01-23T16:24:44.570-0500][gc,phases   ] GC(4)   Post Evacuate Collection Set: 0.16ms
[2025-01-23T16:24:44.571-0500][gc,phases   ] GC(4)   Other: 0.04ms
[2025-01-23T16:24:44.571-0500][gc,heap     ] GC(4) Eden regions: 14->0(49)
[2025-01-23T16:24:44.571-0500][gc,heap     ] GC(4) Survivor regions: 6->2(7)
[2025-01-23T16:24:44.571-0500][gc,heap     ] GC(4) Old regions: 11->16
[2025-01-23T16:24:44.571-0500][gc,heap     ] GC(4) Humongous regions: 129->129
[2025-01-23T16:24:44.571-0500][gc,metaspace] GC(4) Metaspace: 35768K(35968K)->35768K(35968K) NonClass: 31685K(31808K)->31685K(31808K) Class: 4083K(4160K)->4083K(4160K)
[2025-01-23T16:24:44.571-0500][gc          ] GC(4) Pause Young (Mixed) (Metadata GC Threshold) 157M->145M(1024M) 1.896ms
[2025-01-23T16:24:44.571-0500][gc,cpu      ] GC(4) User=0.01s Sys=0.00s Real=0.01s
[2025-01-23T16:24:44.575-0500][gc,start    ] GC(5) Pause Young (Concurrent Start) (Metadata GC Threshold)
[2025-01-23T16:24:44.575-0500][gc,task     ] GC(5) Using 11 workers of 11 for evacuation
[2025-01-23T16:24:44.576-0500][gc,phases   ] GC(5)   Pre Evacuate Collection Set: 0.15ms
[2025-01-23T16:24:44.576-0500][gc,phases   ] GC(5)   Merge Heap Roots: 0.03ms
[2025-01-23T16:24:44.576-0500][gc,phases   ] GC(5)   Evacuate Collection Set: 0.38ms
[2025-01-23T16:24:44.576-0500][gc,phases   ] GC(5)   Post Evacuate Collection Set: 0.16ms
[2025-01-23T16:24:44.576-0500][gc,phases   ] GC(5)   Other: 0.04ms
[2025-01-23T16:24:44.576-0500][gc,heap     ] GC(5) Eden regions: 1->0(50)
[2025-01-23T16:24:44.576-0500][gc,heap     ] GC(5) Survivor regions: 2->1(7)
[2025-01-23T16:24:44.576-0500][gc,heap     ] GC(5) Old regions: 16->16
[2025-01-23T16:24:44.576-0500][gc,heap     ] GC(5) Humongous regions: 129->129
[2025-01-23T16:24:44.576-0500][gc,metaspace] GC(5) Metaspace: 35954K(36288K)->35954K(36288K) NonClass: 31845K(32000K)->31845K(32000K) Class: 4108K(4288K)->4108K(4288K)
[2025-01-23T16:24:44.576-0500][gc          ] GC(5) Pause Young (Concurrent Start) (Metadata GC Threshold) 146M->145M(1024M) 0.855ms
[2025-01-23T16:24:44.576-0500][gc,cpu      ] GC(5) User=0.00s Sys=0.00s Real=0.00s
[2025-01-23T16:24:44.576-0500][gc          ] GC(6) Concurrent Mark Cycle
[2025-01-23T16:24:44.576-0500][gc,marking  ] GC(6) Concurrent Scan Root Regions
[2025-01-23T16:24:44.576-0500][gc,marking  ] GC(6) Concurrent Scan Root Regions 0.533ms
[2025-01-23T16:24:44.576-0500][gc,marking  ] GC(6) Concurrent Mark
[2025-01-23T16:24:44.576-0500][gc,marking  ] GC(6) Concurrent Mark From Roots
[2025-01-23T16:24:44.576-0500][gc,task     ] GC(6) Using 3 workers of 3 for marking
[2025-01-23T16:24:44.580-0500][gc,marking  ] GC(6) Concurrent Mark From Roots 3.333ms
[2025-01-23T16:24:44.580-0500][gc,marking  ] GC(6) Concurrent Preclean
[2025-01-23T16:24:44.580-0500][gc,marking  ] GC(6) Concurrent Preclean 0.013ms
[2025-01-23T16:24:44.580-0500][gc,start    ] GC(6) Pause Remark
[2025-01-23T16:24:44.581-0500][gc          ] GC(6) Pause Remark 146M->146M(1024M) 0.804ms
[2025-01-23T16:24:44.581-0500][gc,cpu      ] GC(6) User=0.00s Sys=0.00s Real=0.00s
[2025-01-23T16:24:44.581-0500][gc,marking  ] GC(6) Concurrent Mark 4.257ms
[2025-01-23T16:24:44.581-0500][gc,marking  ] GC(6) Concurrent Rebuild Remembered Sets and Scrub Regions
[2025-01-23T16:24:44.582-0500][gc,marking  ] GC(6) Concurrent Rebuild Remembered Sets and Scrub Regions 1.303ms
[2025-01-23T16:24:44.582-0500][gc,start    ] GC(6) Pause Cleanup
[2025-01-23T16:24:44.582-0500][gc          ] GC(6) Pause Cleanup 146M->146M(1024M) 0.014ms
[2025-01-23T16:24:44.582-0500][gc,cpu      ] GC(6) User=0.00s Sys=0.00s Real=0.00s
[2025-01-23T16:24:44.582-0500][gc,marking  ] GC(6) Concurrent Clear Claimed Marks
[2025-01-23T16:24:44.582-0500][gc,marking  ] GC(6) Concurrent Clear Claimed Marks 0.015ms
[2025-01-23T16:24:44.582-0500][gc,marking  ] GC(6) Concurrent Cleanup for Next Mark
[2025-01-23T16:24:44.583-0500][gc,marking  ] GC(6) Concurrent Cleanup for Next Mark 0.476ms
[2025-01-23T16:24:44.583-0500][gc          ] GC(6) Concurrent Mark Cycle 6.693ms
[2025-01-23T16:30:12.285-0500][gc,start    ] GC(7) Pause Young (Prepare Mixed) (G1 Evacuation Pause)
[2025-01-23T16:30:12.286-0500][gc,task     ] GC(7) Using 11 workers of 11 for evacuation
[2025-01-23T16:30:12.294-0500][gc,phases   ] GC(7)   Pre Evacuate Collection Set: 0.43ms
[2025-01-23T16:30:12.294-0500][gc,phases   ] GC(7)   Merge Heap Roots: 0.17ms
[2025-01-23T16:30:12.294-0500][gc,phases   ] GC(7)   Evacuate Collection Set: 5.65ms
[2025-01-23T16:30:12.294-0500][gc,phases   ] GC(7)   Post Evacuate Collection Set: 0.93ms
[2025-01-23T16:30:12.294-0500][gc,phases   ] GC(7)   Other: 0.28ms
[2025-01-23T16:30:12.294-0500][gc,heap     ] GC(7) Eden regions: 50->0(48)
[2025-01-23T16:30:12.294-0500][gc,heap     ] GC(7) Survivor regions: 1->3(7)
[2025-01-23T16:30:12.294-0500][gc,heap     ] GC(7) Old regions: 16->16
[2025-01-23T16:30:12.294-0500][gc,heap     ] GC(7) Humongous regions: 129->129
[2025-01-23T16:30:12.294-0500][gc,metaspace] GC(7) Metaspace: 40883K(41408K)->40883K(41408K) NonClass: 36055K(36352K)->36055K(36352K) Class: 4828K(5056K)->4828K(5056K)
[2025-01-23T16:30:12.294-0500][gc          ] GC(7) Pause Young (Prepare Mixed) (G1 Evacuation Pause) 195M->147M(1024M) 9.201ms
[2025-01-23T16:30:12.294-0500][gc,cpu      ] GC(7) User=0.02s Sys=0.01s Real=0.01s
